{
  "0 debug pnpm:scope": {
    "selected": 1
  },
  "1 error pnpm": {
    "message": {
      "code": "ELIFECYCLE",
      "errno": "ENOENT",
      "syscall": "spawn",
      "file": "sh",
      "pkgid": "ng-universal-demo@0.0.0",
      "stage": "build",
      "script": "ng build \"serve:prerender\"",
      "pkgname": "ng-universal-demo"
    },
    "err": {
      "name": "Error",
      "message": "ng-universal-demo@0.0.0 build: `ng build \"serve:prerender\"`\nspawn ENOENT",
      "code": "ELIFECYCLE",
      "stack": "Error: ng-universal-demo@0.0.0 build: `ng build \"serve:prerender\"`\nspawn ENOENT\n    at ChildProcess.<anonymous> (/usr/local/lib/node_modules/pnpm/lib/node_modules/@zkochan/npm-lifecycle/lib/spawn.js:48:18)\n    at ChildProcess.emit (events.js:305:20)\n    at maybeClose (internal/child_process.js:1028:16)\n    at Process.ChildProcess._handle.onexit (internal/child_process.js:286:5)"
    }
  }
}